==18904== Memcheck, a memory error detector
==18904== Copyright (C) 2002-2017, and GNU GPL'd, by Julian Seward et al.
==18904== Using Valgrind-3.16.1 and LibVEX; rerun with -h for copyright info
==18904== Command: ./bin/VirtualLoopClient 127.0.0.1 50000 http://10.8.0.185:51002 ../vl_session.json
==18904== Parent PID: 18807
==18904== 
==18904== 
==18904== Process terminating with default action of signal 2 (SIGINT)
==18904==    at 0x5549C18: nanosleep (syscall-template.S:86)
==18904==    by 0x556F087: usleep (usleep.c:32)
==18904==    by 0x400FFB: main (VirtualLoopClient.c:230)
==18904== 
==18904== HEAP SUMMARY:
==18904==     in use at exit: 86,600 bytes in 122 blocks
==18904==   total heap usage: 710 allocs, 588 frees, 403,725 bytes allocated
==18904== 
==18904== 80 bytes in 1 blocks are possibly lost in loss record 48 of 90
==18904==    at 0x48451C8: malloc (vg_replace_malloc.c:307)
==18904==    by 0x4CBE627: cv::fastMalloc(unsigned long) (alloc.cpp:150)
==18904==    by 0x4E2AD6F: cv::String::allocate(unsigned long) (stl.cpp:50)
==18904==    by 0x4B25A9F: operator= (cvstd.hpp:669)
==18904==    by 0x4B25A9F: cv::BmpDecoder::BmpDecoder() (grfmt_bmp.cpp:55)
==18904==    by 0x4B21B53: makePtr<cv::BmpDecoder> (ptr.inl.hpp:301)
==18904==    by 0x4B21B53: cv::ImageCodecInitializer::ImageCodecInitializer() (loadsave.cpp:134)
==18904==    by 0x4A17D1B: __static_initialization_and_destruction_0 (loadsave.cpp:192)
==18904==    by 0x4A17D1B: _GLOBAL__sub_I_loadsave.cpp (loadsave.cpp:1101)
==18904==    by 0x400DAE7: call_init.part.0 (dl-init.c:72)
==18904==    by 0x400DC2F: call_init (dl-init.c:30)
==18904==    by 0x400DC2F: _dl_init (dl-init.c:120)
==18904==    by 0x4000E03: ??? (in /lib/aarch64-linux-gnu/ld-2.23.so)
==18904== 
==18904== 80 bytes in 1 blocks are possibly lost in loss record 49 of 90
==18904==    at 0x48451C8: malloc (vg_replace_malloc.c:307)
==18904==    by 0x4CBE627: cv::fastMalloc(unsigned long) (alloc.cpp:150)
==18904==    by 0x4E2AD6F: cv::String::allocate(unsigned long) (stl.cpp:50)
==18904==    by 0x4B26E63: operator= (cvstd.hpp:669)
==18904==    by 0x4B26E63: cv::JpegDecoder::JpegDecoder() (grfmt_jpeg.cpp:180)
==18904==    by 0x4B21CCF: makePtr<cv::JpegDecoder> (ptr.inl.hpp:301)
==18904==    by 0x4B21CCF: cv::ImageCodecInitializer::ImageCodecInitializer() (loadsave.cpp:142)
==18904==    by 0x4A17D1B: __static_initialization_and_destruction_0 (loadsave.cpp:192)
==18904==    by 0x4A17D1B: _GLOBAL__sub_I_loadsave.cpp (loadsave.cpp:1101)
==18904==    by 0x400DAE7: call_init.part.0 (dl-init.c:72)
==18904==    by 0x400DC2F: call_init (dl-init.c:30)
==18904==    by 0x400DC2F: _dl_init (dl-init.c:120)
==18904==    by 0x4000E03: ??? (in /lib/aarch64-linux-gnu/ld-2.23.so)
==18904== 
==18904== 88 bytes in 1 blocks are possibly lost in loss record 51 of 90
==18904==    at 0x48451C8: malloc (vg_replace_malloc.c:307)
==18904==    by 0x4CBE627: cv::fastMalloc(unsigned long) (alloc.cpp:150)
==18904==    by 0x4E2AD6F: cv::String::allocate(unsigned long) (stl.cpp:50)
==18904==    by 0x4B2AD33: operator= (cvstd.hpp:669)
==18904==    by 0x4B2AD33: cv::PngDecoder::PngDecoder() (grfmt_png.cpp:87)
==18904==    by 0x4B21FBF: makePtr<cv::PngDecoder> (ptr.inl.hpp:301)
==18904==    by 0x4B21FBF: cv::ImageCodecInitializer::ImageCodecInitializer() (loadsave.cpp:167)
==18904==    by 0x4A17D1B: __static_initialization_and_destruction_0 (loadsave.cpp:192)
==18904==    by 0x4A17D1B: _GLOBAL__sub_I_loadsave.cpp (loadsave.cpp:1101)
==18904==    by 0x400DAE7: call_init.part.0 (dl-init.c:72)
==18904==    by 0x400DC2F: call_init (dl-init.c:30)
==18904==    by 0x400DC2F: _dl_init (dl-init.c:120)
==18904==    by 0x4000E03: ??? (in /lib/aarch64-linux-gnu/ld-2.23.so)
==18904== 
==18904== 92 bytes in 1 blocks are possibly lost in loss record 52 of 90
==18904==    at 0x48451C8: malloc (vg_replace_malloc.c:307)
==18904==    by 0x4CBE627: cv::fastMalloc(unsigned long) (alloc.cpp:150)
==18904==    by 0x4E2AD6F: cv::String::allocate(unsigned long) (stl.cpp:50)
==18904==    by 0x4B27C9B: String (cvstd.hpp:628)
==18904==    by 0x4B27C9B: cv::Jpeg2KDecoder::Jpeg2KDecoder() (grfmt_jpeg2000.cpp:113)
==18904==    by 0x4B22137: makePtr<cv::Jpeg2KDecoder> (ptr.inl.hpp:301)
==18904==    by 0x4B22137: cv::ImageCodecInitializer::ImageCodecInitializer() (loadsave.cpp:174)
==18904==    by 0x4A17D1B: __static_initialization_and_destruction_0 (loadsave.cpp:192)
==18904==    by 0x4A17D1B: _GLOBAL__sub_I_loadsave.cpp (loadsave.cpp:1101)
==18904==    by 0x400DAE7: call_init.part.0 (dl-init.c:72)
==18904==    by 0x400DC2F: call_init (dl-init.c:30)
==18904==    by 0x400DC2F: _dl_init (dl-init.c:120)
==18904==    by 0x4000E03: ??? (in /lib/aarch64-linux-gnu/ld-2.23.so)
==18904== 
==18904== 100 bytes in 1 blocks are possibly lost in loss record 54 of 90
==18904==    at 0x48451C8: malloc (vg_replace_malloc.c:307)
==18904==    by 0x4CBE627: cv::fastMalloc(unsigned long) (alloc.cpp:150)
==18904==    by 0x4E2AD6F: cv::String::allocate(unsigned long) (stl.cpp:50)
==18904==    by 0x4B29423: operator= (cvstd.hpp:669)
==18904==    by 0x4B29423: cv::Jpeg2KEncoder::Jpeg2KEncoder() (grfmt_jpeg2000.cpp:493)
==18904==    by 0x4B221F3: makePtr<cv::Jpeg2KEncoder> (ptr.inl.hpp:301)
==18904==    by 0x4B221F3: cv::ImageCodecInitializer::ImageCodecInitializer() (loadsave.cpp:175)
==18904==    by 0x4A17D1B: __static_initialization_and_destruction_0 (loadsave.cpp:192)
==18904==    by 0x4A17D1B: _GLOBAL__sub_I_loadsave.cpp (loadsave.cpp:1101)
==18904==    by 0x400DAE7: call_init.part.0 (dl-init.c:72)
==18904==    by 0x400DC2F: call_init (dl-init.c:30)
==18904==    by 0x400DC2F: _dl_init (dl-init.c:120)
==18904==    by 0x4000E03: ??? (in /lib/aarch64-linux-gnu/ld-2.23.so)
==18904== 
==18904== 104 bytes in 1 blocks are possibly lost in loss record 55 of 90
==18904==    at 0x48451C8: malloc (vg_replace_malloc.c:307)
==18904==    by 0x4CBE627: cv::fastMalloc(unsigned long) (alloc.cpp:150)
==18904==    by 0x4E2AD6F: cv::String::allocate(unsigned long) (stl.cpp:50)
==18904==    by 0x4B2B9F3: operator= (cvstd.hpp:669)
==18904==    by 0x4B2B9F3: cv::TiffEncoder::TiffEncoder() (grfmt_tiff.cpp:673)
==18904==    by 0x4B21F03: makePtr<cv::TiffEncoder> (ptr.inl.hpp:301)
==18904==    by 0x4B21F03: cv::ImageCodecInitializer::ImageCodecInitializer() (loadsave.cpp:164)
==18904==    by 0x4A17D1B: __static_initialization_and_destruction_0 (loadsave.cpp:192)
==18904==    by 0x4A17D1B: _GLOBAL__sub_I_loadsave.cpp (loadsave.cpp:1101)
==18904==    by 0x400DAE7: call_init.part.0 (dl-init.c:72)
==18904==    by 0x400DC2F: call_init (dl-init.c:30)
==18904==    by 0x400DC2F: _dl_init (dl-init.c:120)
==18904==    by 0x4000E03: ??? (in /lib/aarch64-linux-gnu/ld-2.23.so)
==18904== 
==18904== 108 bytes in 1 blocks are possibly lost in loss record 56 of 90
==18904==    at 0x48451C8: malloc (vg_replace_malloc.c:307)
==18904==    by 0x4CBE627: cv::fastMalloc(unsigned long) (alloc.cpp:150)
==18904==    by 0x4E2AD6F: cv::String::allocate(unsigned long) (stl.cpp:50)
==18904==    by 0x4B25B3B: operator= (cvstd.hpp:669)
==18904==    by 0x4B25B3B: cv::BmpEncoder::BmpEncoder() (grfmt_bmp.cpp:511)
==18904==    by 0x4B21C13: makePtr<cv::BmpEncoder> (ptr.inl.hpp:301)
==18904==    by 0x4B21C13: cv::ImageCodecInitializer::ImageCodecInitializer() (loadsave.cpp:135)
==18904==    by 0x4A17D1B: __static_initialization_and_destruction_0 (loadsave.cpp:192)
==18904==    by 0x4A17D1B: _GLOBAL__sub_I_loadsave.cpp (loadsave.cpp:1101)
==18904==    by 0x400DAE7: call_init.part.0 (dl-init.c:72)
==18904==    by 0x400DC2F: call_init (dl-init.c:30)
==18904==    by 0x400DC2F: _dl_init (dl-init.c:120)
==18904==    by 0x4000E03: ??? (in /lib/aarch64-linux-gnu/ld-2.23.so)
==18904== 
==18904== 108 bytes in 1 blocks are possibly lost in loss record 57 of 90
==18904==    at 0x48451C8: malloc (vg_replace_malloc.c:307)
==18904==    by 0x4CBE627: cv::fastMalloc(unsigned long) (alloc.cpp:150)
==18904==    by 0x4E2AD6F: cv::String::allocate(unsigned long) (stl.cpp:50)
==18904==    by 0x4B26F2B: operator= (cvstd.hpp:669)
==18904==    by 0x4B26F2B: cv::JpegEncoder::JpegEncoder() (grfmt_jpeg.cpp:544)
==18904==    by 0x4B21D8B: makePtr<cv::JpegEncoder> (ptr.inl.hpp:301)
==18904==    by 0x4B21D8B: cv::ImageCodecInitializer::ImageCodecInitializer() (loadsave.cpp:143)
==18904==    by 0x4A17D1B: __static_initialization_and_destruction_0 (loadsave.cpp:192)
==18904==    by 0x4A17D1B: _GLOBAL__sub_I_loadsave.cpp (loadsave.cpp:1101)
==18904==    by 0x400DAE7: call_init.part.0 (dl-init.c:72)
==18904==    by 0x400DC2F: call_init (dl-init.c:30)
==18904==    by 0x400DC2F: _dl_init (dl-init.c:120)
==18904==    by 0x4000E03: ??? (in /lib/aarch64-linux-gnu/ld-2.23.so)
==18904== 
==18904== 116 bytes in 1 blocks are possibly lost in loss record 58 of 90
==18904==    at 0x48451C8: malloc (vg_replace_malloc.c:307)
==18904==    by 0x4CBE627: cv::fastMalloc(unsigned long) (alloc.cpp:150)
==18904==    by 0x4E2AD6F: cv::String::allocate(unsigned long) (stl.cpp:50)
==18904==    by 0x4B2AE03: operator= (cvstd.hpp:669)
==18904==    by 0x4B2AE03: cv::PngEncoder::PngEncoder() (grfmt_png.cpp:301)
==18904==    by 0x4B2207B: makePtr<cv::PngEncoder> (ptr.inl.hpp:301)
==18904==    by 0x4B2207B: cv::ImageCodecInitializer::ImageCodecInitializer() (loadsave.cpp:168)
==18904==    by 0x4A17D1B: __static_initialization_and_destruction_0 (loadsave.cpp:192)
==18904==    by 0x4A17D1B: _GLOBAL__sub_I_loadsave.cpp (loadsave.cpp:1101)
==18904==    by 0x400DAE7: call_init.part.0 (dl-init.c:72)
==18904==    by 0x400DC2F: call_init (dl-init.c:30)
==18904==    by 0x400DC2F: _dl_init (dl-init.c:120)
==18904==    by 0x4000E03: ??? (in /lib/aarch64-linux-gnu/ld-2.23.so)
==18904== 
==18904== 156 bytes in 1 blocks are possibly lost in loss record 62 of 90
==18904==    at 0x48451C8: malloc (vg_replace_malloc.c:307)
==18904==    by 0x4CBE73F: fastMalloc (alloc.cpp:150)
==18904==    by 0x4CBE73F: cvAlloc (alloc.cpp:226)
==18904==    by 0x4E0600F: cvRegisterType (persistence_c.cpp:1301)
==18904==    by 0x4E1644F: CvType::CvType(char const*, int (*)(void const*), void (*)(void**), void* (*)(CvFileStorage*, CvFileNode*), void (*)(CvFileStorage*, char const*, void const*, CvAttrList), void* (*)(void const*)) (persistence_types.cpp:1277)
==18904==    by 0x4A1824B: __static_initialization_and_destruction_0 (histogram.cpp:3643)
==18904==    by 0x4A1824B: _GLOBAL__sub_I_histogram.cpp (histogram.cpp:3644)
==18904==    by 0x400DAE7: call_init.part.0 (dl-init.c:72)
==18904==    by 0x400DC2F: call_init (dl-init.c:30)
==18904==    by 0x400DC2F: _dl_init (dl-init.c:120)
==18904==    by 0x4000E03: ??? (in /lib/aarch64-linux-gnu/ld-2.23.so)
==18904== 
==18904== 157 bytes in 1 blocks are possibly lost in loss record 63 of 90
==18904==    at 0x48451C8: malloc (vg_replace_malloc.c:307)
==18904==    by 0x4CBE73F: fastMalloc (alloc.cpp:150)
==18904==    by 0x4CBE73F: cvAlloc (alloc.cpp:226)
==18904==    by 0x4E0600F: cvRegisterType (persistence_c.cpp:1301)
==18904==    by 0x4A18787: CvType (persistence_types.cpp:1277)
==18904==    by 0x4A18787: __static_initialization_and_destruction_0(int, int) [clone .constprop.2] (persistence_types.cpp:1295)
==18904==    by 0x400DAE7: call_init.part.0 (dl-init.c:72)
==18904==    by 0x400DC2F: call_init (dl-init.c:30)
==18904==    by 0x400DC2F: _dl_init (dl-init.c:120)
==18904==    by 0x4000E03: ??? (in /lib/aarch64-linux-gnu/ld-2.23.so)
==18904== 
==18904== 157 bytes in 1 blocks are possibly lost in loss record 64 of 90
==18904==    at 0x48451C8: malloc (vg_replace_malloc.c:307)
==18904==    by 0x4CBE73F: fastMalloc (alloc.cpp:150)
==18904==    by 0x4CBE73F: cvAlloc (alloc.cpp:226)
==18904==    by 0x4E0600F: cvRegisterType (persistence_c.cpp:1301)
==18904==    by 0x4A1885F: CvType (persistence_types.cpp:1277)
==18904==    by 0x4A1885F: __static_initialization_and_destruction_0(int, int) [clone .constprop.2] (persistence_types.cpp:1302)
==18904==    by 0x400DAE7: call_init.part.0 (dl-init.c:72)
==18904==    by 0x400DC2F: call_init (dl-init.c:30)
==18904==    by 0x400DC2F: _dl_init (dl-init.c:120)
==18904==    by 0x4000E03: ??? (in /lib/aarch64-linux-gnu/ld-2.23.so)
==18904== 
==18904== 158 bytes in 1 blocks are possibly lost in loss record 65 of 90
==18904==    at 0x48451C8: malloc (vg_replace_malloc.c:307)
==18904==    by 0x4CBE73F: fastMalloc (alloc.cpp:150)
==18904==    by 0x4CBE73F: cvAlloc (alloc.cpp:226)
==18904==    by 0x4E0600F: cvRegisterType (persistence_c.cpp:1301)
==18904==    by 0x4A188CB: CvType (persistence_types.cpp:1277)
==18904==    by 0x4A188CB: __static_initialization_and_destruction_0(int, int) [clone .constprop.2] (persistence_types.cpp:1305)
==18904==    by 0x400DAE7: call_init.part.0 (dl-init.c:72)
==18904==    by 0x400DC2F: call_init (dl-init.c:30)
==18904==    by 0x400DC2F: _dl_init (dl-init.c:120)
==18904==    by 0x4000E03: ??? (in /lib/aarch64-linux-gnu/ld-2.23.so)
==18904== 
==18904== 160 bytes in 1 blocks are possibly lost in loss record 66 of 90
==18904==    at 0x48451C8: malloc (vg_replace_malloc.c:307)
==18904==    by 0x4CBE73F: fastMalloc (alloc.cpp:150)
==18904==    by 0x4CBE73F: cvAlloc (alloc.cpp:226)
==18904==    by 0x4E0600F: cvRegisterType (persistence_c.cpp:1301)
==18904==    by 0x4A186CF: CvType (persistence_types.cpp:1277)
==18904==    by 0x4A186CF: __static_initialization_and_destruction_0(int, int) [clone .constprop.2] (persistence_types.cpp:1288)
==18904==    by 0x400DAE7: call_init.part.0 (dl-init.c:72)
==18904==    by 0x400DC2F: call_init (dl-init.c:30)
==18904==    by 0x400DC2F: _dl_init (dl-init.c:120)
==18904==    by 0x4000E03: ??? (in /lib/aarch64-linux-gnu/ld-2.23.so)
==18904== 
==18904== 161 bytes in 1 blocks are possibly lost in loss record 67 of 90
==18904==    at 0x48451C8: malloc (vg_replace_malloc.c:307)
==18904==    by 0x4CBE73F: fastMalloc (alloc.cpp:150)
==18904==    by 0x4CBE73F: cvAlloc (alloc.cpp:226)
==18904==    by 0x4E0600F: cvRegisterType (persistence_c.cpp:1301)
==18904==    by 0x4A18937: CvType (persistence_types.cpp:1277)
==18904==    by 0x4A18937: __static_initialization_and_destruction_0(int, int) [clone .constprop.2] (persistence_types.cpp:1308)
==18904==    by 0x400DAE7: call_init.part.0 (dl-init.c:72)
==18904==    by 0x400DC2F: call_init (dl-init.c:30)
==18904==    by 0x400DC2F: _dl_init (dl-init.c:120)
==18904==    by 0x4000E03: ??? (in /lib/aarch64-linux-gnu/ld-2.23.so)
==18904== 
==18904== 165 bytes in 1 blocks are possibly lost in loss record 68 of 90
==18904==    at 0x48451C8: malloc (vg_replace_malloc.c:307)
==18904==    by 0x4CBE73F: fastMalloc (alloc.cpp:150)
==18904==    by 0x4CBE73F: cvAlloc (alloc.cpp:226)
==18904==    by 0x4E0600F: cvRegisterType (persistence_c.cpp:1301)
==18904==    by 0x4A1871B: CvType (persistence_types.cpp:1277)
==18904==    by 0x4A1871B: __static_initialization_and_destruction_0(int, int) [clone .constprop.2] (persistence_types.cpp:1292)
==18904==    by 0x400DAE7: call_init.part.0 (dl-init.c:72)
==18904==    by 0x400DC2F: call_init (dl-init.c:30)
==18904==    by 0x400DC2F: _dl_init (dl-init.c:120)
==18904==    by 0x4000E03: ??? (in /lib/aarch64-linux-gnu/ld-2.23.so)
==18904== 
==18904== 165 bytes in 1 blocks are possibly lost in loss record 69 of 90
==18904==    at 0x48451C8: malloc (vg_replace_malloc.c:307)
==18904==    by 0x4CBE73F: fastMalloc (alloc.cpp:150)
==18904==    by 0x4CBE73F: cvAlloc (alloc.cpp:226)
==18904==    by 0x4E0600F: cvRegisterType (persistence_c.cpp:1301)
==18904==    by 0x4A187F3: CvType (persistence_types.cpp:1277)
==18904==    by 0x4A187F3: __static_initialization_and_destruction_0(int, int) [clone .constprop.2] (persistence_types.cpp:1298)
==18904==    by 0x400DAE7: call_init.part.0 (dl-init.c:72)
==18904==    by 0x400DC2F: call_init (dl-init.c:30)
==18904==    by 0x400DC2F: _dl_init (dl-init.c:120)
==18904==    by 0x4000E03: ??? (in /lib/aarch64-linux-gnu/ld-2.23.so)
==18904== 
==18904== 288 bytes in 1 blocks are possibly lost in loss record 81 of 90
==18904==    at 0x484747C: calloc (vg_replace_malloc.c:760)
==18904==    by 0x401012F: allocate_dtv (dl-tls.c:322)
==18904==    by 0x4010A47: _dl_allocate_tls (dl-tls.c:539)
==18904==    by 0x48AB8F3: allocate_stack (allocatestack.c:588)
==18904==    by 0x48AB8F3: pthread_create@@GLIBC_2.17 (pthread_create.c:539)
==18904==    by 0x4AA03DB: JThread::start() (jthread_impl_linux.cpp:73)
==18904==    by 0x4A960EB: JLog::JLog(unsigned int) (jlog.cpp:39)
==18904==    by 0x4A9CE47: JLog::init(std::__cxx11::basic_string<char, std::char_traits<char>, std::allocator<char> >) (jlog.cpp:234)
==18904==    by 0x4A8719B: JLib::init() (jlib_singleton.cpp:143)
==18904==    by 0x4A87A1B: JLib (jlib_singleton.cpp:54)
==18904==    by 0x4A87A1B: buildInstance (jlib_singleton.cpp:106)
==18904==    by 0x4A87A1B: JLib::getInstance() (jlib_singleton.cpp:114)
==18904==    by 0x400DAE7: call_init.part.0 (dl-init.c:72)
==18904==    by 0x400DC2F: call_init (dl-init.c:30)
==18904==    by 0x400DC2F: _dl_init (dl-init.c:120)
==18904==    by 0x4000E03: ??? (in /lib/aarch64-linux-gnu/ld-2.23.so)
==18904== 
==18904== 288 bytes in 1 blocks are possibly lost in loss record 82 of 90
==18904==    at 0x484747C: calloc (vg_replace_malloc.c:760)
==18904==    by 0x401012F: allocate_dtv (dl-tls.c:322)
==18904==    by 0x4010A47: _dl_allocate_tls (dl-tls.c:539)
==18904==    by 0x48AB8F3: allocate_stack (allocatestack.c:588)
==18904==    by 0x48AB8F3: pthread_create@@GLIBC_2.17 (pthread_create.c:539)
==18904==    by 0x4AA03DB: JThread::start() (jthread_impl_linux.cpp:73)
==18904==    by 0x4AA731B: jnet::Poll::init() (poll_impl_posix.cpp:103)
==18904==    by 0x4AA7D27: addEventListener (poll_impl_posix.cpp:139)
==18904==    by 0x4AA7D27: jnet::addEventListener(jnet::IPollEventListener*) (poll_impl_posix.cpp:38)
==18904==    by 0x4AAAD4F: jnet::AsyncSocket::connect(char const*, int, jnet::AsyncSocket::Callbacks*, int) (async_tcp_socket_posix.cpp:174)
==18904==    by 0x4A81B3F: JVirtualLoopHandle::connect(JVirtualLoopConfig*, JVirtualLoopServerInfo*) (vl_api_client.cpp:170)
==18904==    by 0x400F27: main (VirtualLoopClient.c:187)
==18904== 
==18904== LEAK SUMMARY:
==18904==    definitely lost: 0 bytes in 0 blocks
==18904==    indirectly lost: 0 bytes in 0 blocks
==18904==      possibly lost: 2,731 bytes in 19 blocks
==18904==    still reachable: 83,869 bytes in 103 blocks
==18904==         suppressed: 0 bytes in 0 blocks
==18904== Reachable blocks (those to which a pointer was found) are not shown.
==18904== To see them, rerun with: --leak-check=full --show-leak-kinds=all
==18904== 
==18904== For lists of detected and suppressed errors, rerun with: -s
==18904== ERROR SUMMARY: 19 errors from 19 contexts (suppressed: 0 from 0)
